This file contains any messages produced by compilers while
running configure, to aid debugging if configure makes a mistake.

It was created by yarrp configure 0.8, which was
generated by GNU Autoconf 2.71.  Invocation command line was

  $ ./configure

## --------- ##
## Platform. ##
## --------- ##

hostname = ubuntu
uname -m = x86_64
uname -r = 6.8.0-060800rc5daily20240222-generic
uname -s = Linux
uname -v = #202402220206 SMP PREEMPT_DYNAMIC Thu Feb 22 02:26:39 UTC 2024

/usr/bin/uname -p = x86_64
/bin/uname -X     = unknown

/bin/arch              = x86_64
/usr/bin/arch -k       = unknown
/usr/convex/getsysinfo = unknown
/usr/bin/hostinfo      = unknown
/bin/machine           = unknown
/usr/bin/oslevel       = unknown
/bin/universe          = unknown

PATH: /root/.local/share/pnpm/
PATH: /root/.nvm/versions/node/v16.15.1/bin/
PATH: /root/opt/sbin/
PATH: /root/.vscode-server/cli/servers/Stable-5437499feb04f7a586f677b155b039bc2b3669eb/server/bin/remote-cli/
PATH: /usr/local/sbin/
PATH: /usr/local/bin/
PATH: /usr/sbin/
PATH: /usr/bin/
PATH: /sbin/
PATH: /bin/
PATH: /usr/games/
PATH: /usr/local/games/
PATH: /snap/bin/
PATH: /root/bin/


## ----------- ##
## Core tests. ##
## ----------- ##

configure:2897: looking for aux files: compile config.guess config.sub missing install-sh
configure:2910:  trying ./build-aux/
configure:2939:   ./build-aux/compile found
configure:2939:   ./build-aux/config.guess found
configure:2939:   ./build-aux/config.sub found
configure:2939:   ./build-aux/missing found
configure:2921:   ./build-aux/install-sh found
configure:3070: checking for a BSD-compatible install
configure:3143: result: /usr/bin/install -c
configure:3154: checking whether build environment is sane
configure:3209: result: yes
configure:3368: checking for a race-free mkdir -p
configure:3412: result: /usr/bin/mkdir -p
configure:3419: checking for gawk
configure:3440: found /usr/bin/gawk
configure:3451: result: gawk
configure:3462: checking whether make sets $(MAKE)
configure:3485: result: yes
configure:3515: checking whether make supports nested variables
configure:3533: result: yes
configure:3678: checking build system type
configure:3693: result: x86_64-pc-linux-gnu
configure:3713: checking host system type
configure:3727: result: x86_64-pc-linux-gnu
configure:3816: checking for g++
configure:3837: found /usr/bin/g++
configure:3848: result: g++
configure:3875: checking for C++ compiler version
configure:3884: g++ --version >&5
g++ (Ubuntu 14-20240412-0ubuntu1) 14.0.1 20240412 (experimental) [master r14-9935-g67e1433a94f]
Copyright (C) 2024 Free Software Foundation, Inc.
This is free software; see the source for copying conditions.  There is NO
warranty; not even for MERCHANTABILITY or FITNESS FOR A PARTICULAR PURPOSE.

configure:3895: $? = 0
configure:3884: g++ -v >&5
Using built-in specs.
COLLECT_GCC=g++
COLLECT_LTO_WRAPPER=/usr/libexec/gcc/x86_64-linux-gnu/14/lto-wrapper
OFFLOAD_TARGET_NAMES=nvptx-none:amdgcn-amdhsa
OFFLOAD_TARGET_DEFAULT=1
Target: x86_64-linux-gnu
Configured with: ../src/configure -v --with-pkgversion='Ubuntu 14-20240412-0ubuntu1' --with-bugurl=file:///usr/share/doc/gcc-14/README.Bugs --enable-languages=c,ada,c++,go,d,fortran,objc,obj-c++,m2,rust --prefix=/usr --with-gcc-major-version-only --program-suffix=-14 --program-prefix=x86_64-linux-gnu- --enable-shared --enable-linker-build-id --libexecdir=/usr/libexec --without-included-gettext --enable-threads=posix --libdir=/usr/lib --enable-nls --enable-clocale=gnu --enable-libstdcxx-debug --enable-libstdcxx-time=yes --with-default-libstdcxx-abi=new --enable-libstdcxx-backtrace --enable-gnu-unique-object --disable-vtable-verify --enable-plugin --enable-default-pie --with-system-zlib --enable-libphobos-checking=release --with-target-system-zlib=auto --enable-objc-gc=auto --enable-multiarch --disable-werror --enable-cet --with-arch-32=i686 --with-abi=m64 --with-multilib-list=m32,m64,mx32 --enable-multilib --with-tune=generic --enable-offload-targets=nvptx-none=/build/gcc-14-OQFzmN/gcc-14-14-20240412/debian/tmp-nvptx/usr,amdgcn-amdhsa=/build/gcc-14-OQFzmN/gcc-14-14-20240412/debian/tmp-gcn/usr --enable-offload-defaulted --without-cuda-driver --enable-checking=yes,extra,rtl --build=x86_64-linux-gnu --host=x86_64-linux-gnu --target=x86_64-linux-gnu
Thread model: posix
Supported LTO compression algorithms: zlib zstd
gcc version 14.0.1 20240412 (experimental) [master r14-9935-g67e1433a94f] (Ubuntu 14-20240412-0ubuntu1) 
... rest of stderr output deleted ...
configure:3895: $? = 0
configure:3884: g++ -V >&5
g++: error: unrecognized command-line option '-V'
g++: fatal error: no input files
compilation terminated.
configure:3895: $? = 1
configure:3884: g++ -qversion >&5
g++: error: unrecognized command-line option '-qversion'; did you mean '--version'?
g++: fatal error: no input files
compilation terminated.
configure:3895: $? = 1
configure:3915: checking whether the C++ compiler works
configure:3937: g++    conftest.cpp  >&5
configure:3941: $? = 0
configure:3991: result: yes
configure:3994: checking for C++ compiler default output file name
configure:3996: result: a.out
configure:4002: checking for suffix of executables
configure:4009: g++ -o conftest    conftest.cpp  >&5
configure:4013: $? = 0
configure:4036: result: 
configure:4058: checking whether we are cross compiling
configure:4066: g++ -o conftest    conftest.cpp  >&5
configure:4070: $? = 0
configure:4077: ./conftest
configure:4081: $? = 0
configure:4096: result: no
configure:4101: checking for suffix of object files
configure:4124: g++ -c   conftest.cpp >&5
configure:4128: $? = 0
configure:4150: result: o
configure:4154: checking whether the compiler supports GNU C++
configure:4174: g++ -c   conftest.cpp >&5
configure:4174: $? = 0
configure:4184: result: yes
configure:4195: checking whether g++ accepts -g
configure:4216: g++ -c -g  conftest.cpp >&5
configure:4216: $? = 0
configure:4260: result: yes
configure:4280: checking for g++ option to enable C++11 features
configure:4295: g++  -c -g -O2  conftest.cpp >&5
conftest.cpp: In function 'int main(int, char**)':
conftest.cpp:177:25: warning: empty parentheses were disambiguated as a function declaration [-Wvexing-parse]
  177 |   cxx11test::delegate d2();
      |                         ^~
conftest.cpp:177:25: note: remove parentheses to default-initialize a variable
  177 |   cxx11test::delegate d2();
      |                         ^~
      |                         --
conftest.cpp:177:25: note: or replace parentheses with braces to value-initialize a variable
configure:4295: $? = 0
configure:4313: result: none needed
configure:4380: checking whether make supports the include directive
configure:4395: make -f confmf.GNU && cat confinc.out
this is the am__doit target
configure:4398: $? = 0
configure:4417: result: yes (GNU style)
configure:4443: checking dependency style of g++
configure:4555: result: gcc3
configure:4585: checking whether g++ supports C++17 features by default
configure:5380: g++ -c -g -O2  conftest.cpp >&5
configure:5380: $? = 0
configure:5388: result: yes
configure:7136: checking for gcc
configure:7157: found /usr/bin/gcc
configure:7168: result: gcc
configure:7521: checking for C compiler version
configure:7530: gcc --version >&5
gcc (Ubuntu 13.2.0-13ubuntu1) 13.2.0
Copyright (C) 2023 Free Software Foundation, Inc.
This is free software; see the source for copying conditions.  There is NO
warranty; not even for MERCHANTABILITY or FITNESS FOR A PARTICULAR PURPOSE.

configure:7541: $? = 0
configure:7530: gcc -v >&5
Using built-in specs.
COLLECT_GCC=gcc
COLLECT_LTO_WRAPPER=/usr/libexec/gcc/x86_64-linux-gnu/13/lto-wrapper
OFFLOAD_TARGET_NAMES=nvptx-none:amdgcn-amdhsa
OFFLOAD_TARGET_DEFAULT=1
Target: x86_64-linux-gnu
Configured with: ../src/configure -v --with-pkgversion='Ubuntu 13.2.0-13ubuntu1' --with-bugurl=file:///usr/share/doc/gcc-13/README.Bugs --enable-languages=c,ada,c++,go,d,fortran,objc,obj-c++,m2 --prefix=/usr --with-gcc-major-version-only --program-suffix=-13 --program-prefix=x86_64-linux-gnu- --enable-shared --enable-linker-build-id --libexecdir=/usr/libexec --without-included-gettext --enable-threads=posix --libdir=/usr/lib --enable-nls --enable-clocale=gnu --enable-libstdcxx-debug --enable-libstdcxx-time=yes --with-default-libstdcxx-abi=new --enable-libstdcxx-backtrace --enable-gnu-unique-object --disable-vtable-verify --enable-plugin --enable-default-pie --with-system-zlib --enable-libphobos-checking=release --with-target-system-zlib=auto --enable-objc-gc=auto --enable-multiarch --disable-werror --enable-cet --with-arch-32=i686 --with-abi=m64 --with-multilib-list=m32,m64,mx32 --enable-multilib --with-tune=generic --enable-offload-targets=nvptx-none=/build/gcc-13-UAUe7g/gcc-13-13.2.0/debian/tmp-nvptx/usr,amdgcn-amdhsa=/build/gcc-13-UAUe7g/gcc-13-13.2.0/debian/tmp-gcn/usr --enable-offload-defaulted --without-cuda-driver --enable-checking=release --build=x86_64-linux-gnu --host=x86_64-linux-gnu --target=x86_64-linux-gnu
Thread model: posix
Supported LTO compression algorithms: zlib zstd
gcc version 13.2.0 (Ubuntu 13.2.0-13ubuntu1) 
... rest of stderr output deleted ...
configure:7541: $? = 0
configure:7530: gcc -V >&5
gcc: error: unrecognized command-line option '-V'
gcc: fatal error: no input files
compilation terminated.
configure:7541: $? = 1
configure:7530: gcc -qversion >&5
gcc: error: unrecognized command-line option '-qversion'; did you mean '--version'?
gcc: fatal error: no input files
compilation terminated.
configure:7541: $? = 1
configure:7530: gcc -version >&5
gcc: error: unrecognized command-line option '-version'
gcc: fatal error: no input files
compilation terminated.
configure:7541: $? = 1
configure:7545: checking whether the compiler supports GNU C
configure:7565: gcc -c   conftest.c >&5
configure:7565: $? = 0
configure:7575: result: yes
configure:7586: checking whether gcc accepts -g
configure:7607: gcc -c -g  conftest.c >&5
configure:7607: $? = 0
configure:7651: result: yes
configure:7671: checking for gcc option to enable C11 features
configure:7686: gcc  -c -g -O2  conftest.c >&5
configure:7686: $? = 0
configure:7704: result: none needed
configure:7820: checking whether gcc understands -c and -o together
configure:7843: gcc -c conftest.c -o conftest2.o
configure:7846: $? = 0
configure:7843: gcc -c conftest.c -o conftest2.o
configure:7846: $? = 0
configure:7858: result: yes
configure:7877: checking dependency style of gcc
configure:7989: result: gcc3
configure:8004: checking for a sed that does not truncate output
configure:8074: result: /usr/bin/sed
configure:8085: checking how to run the C preprocessor
configure:8111: gcc -E  conftest.c
configure:8111: $? = 0
configure:8126: gcc -E  conftest.c
conftest.c:13:10: fatal error: ac_nonexistent.h: No such file or directory
   13 | #include <ac_nonexistent.h>
      |          ^~~~~~~~~~~~~~~~~~
compilation terminated.
configure:8126: $? = 1
configure: failed program was:
| /* confdefs.h */
| #define PACKAGE_NAME "yarrp"
| #define PACKAGE_TARNAME "yarrp"
| #define PACKAGE_VERSION "0.8"
| #define PACKAGE_STRING "yarrp 0.8"
| #define PACKAGE_BUGREPORT "yarrp@cmand.org"
| #define PACKAGE_URL ""
| #define PACKAGE "yarrp"
| #define VERSION "0.8"
| #define HAVE_CXX17 1
| #define GITREV "a8df9f3"
| /* end confdefs.h.  */
| #include <ac_nonexistent.h>
configure:8153: result: gcc -E
configure:8167: gcc -E  conftest.c
configure:8167: $? = 0
configure:8182: gcc -E  conftest.c
conftest.c:13:10: fatal error: ac_nonexistent.h: No such file or directory
   13 | #include <ac_nonexistent.h>
      |          ^~~~~~~~~~~~~~~~~~
compilation terminated.
configure:8182: $? = 1
configure: failed program was:
| /* confdefs.h */
| #define PACKAGE_NAME "yarrp"
| #define PACKAGE_TARNAME "yarrp"
| #define PACKAGE_VERSION "0.8"
| #define PACKAGE_STRING "yarrp 0.8"
| #define PACKAGE_BUGREPORT "yarrp@cmand.org"
| #define PACKAGE_URL ""
| #define PACKAGE "yarrp"
| #define VERSION "0.8"
| #define HAVE_CXX17 1
| #define GITREV "a8df9f3"
| /* end confdefs.h.  */
| #include <ac_nonexistent.h>
configure:8213: checking for grep that handles long lines and -e
configure:8277: result: /usr/bin/grep
configure:8282: checking for egrep
configure:8350: result: /usr/bin/grep -E
configure:8515: checking whether gcc is Clang
configure:8542: result: no
configure:8607: checking whether pthreads work with "-pthread" and "-lpthread"
configure:8718: gcc -o conftest -g -O2 -pthread   conftest.c -lpthread  >&5
configure:8718: $? = 0
configure:8728: result: yes
configure:8851: checking for joinable pthread attribute
configure:8870: gcc -o conftest -g -O2 -pthread   conftest.c -lpthread  >&5
configure:8870: $? = 0
configure:8879: result: PTHREAD_CREATE_JOINABLE
configure:8892: checking whether more special flags are required for pthreads
configure:8906: result: no
configure:8915: checking for PTHREAD_PRIO_INHERIT
configure:8933: gcc -o conftest -g -O2 -pthread   conftest.c -lpthread  >&5
configure:8933: $? = 0
configure:8943: result: yes
configure:9126: checking for stdio.h
configure:9126: g++ -c -pthread -g -O2 -I/usr/local/include  conftest.cpp >&5
configure:9126: $? = 0
configure:9126: result: yes
configure:9126: checking for stdlib.h
configure:9126: g++ -c -pthread -g -O2 -I/usr/local/include  conftest.cpp >&5
configure:9126: $? = 0
configure:9126: result: yes
configure:9126: checking for string.h
configure:9126: g++ -c -pthread -g -O2 -I/usr/local/include  conftest.cpp >&5
configure:9126: $? = 0
configure:9126: result: yes
configure:9126: checking for inttypes.h
configure:9126: g++ -c -pthread -g -O2 -I/usr/local/include  conftest.cpp >&5
configure:9126: $? = 0
configure:9126: result: yes
configure:9126: checking for stdint.h
configure:9126: g++ -c -pthread -g -O2 -I/usr/local/include  conftest.cpp >&5
configure:9126: $? = 0
configure:9126: result: yes
configure:9126: checking for strings.h
configure:9126: g++ -c -pthread -g -O2 -I/usr/local/include  conftest.cpp >&5
configure:9126: $? = 0
configure:9126: result: yes
configure:9126: checking for sys/stat.h
configure:9126: g++ -c -pthread -g -O2 -I/usr/local/include  conftest.cpp >&5
configure:9126: $? = 0
configure:9126: result: yes
configure:9126: checking for sys/types.h
configure:9126: g++ -c -pthread -g -O2 -I/usr/local/include  conftest.cpp >&5
configure:9126: $? = 0
configure:9126: result: yes
configure:9126: checking for unistd.h
configure:9126: g++ -c -pthread -g -O2 -I/usr/local/include  conftest.cpp >&5
configure:9126: $? = 0
configure:9126: result: yes
configure:9154: checking if zlib is wanted
configure:9177: result: yes
configure:9213: checking for inflateEnd in -lz
configure:9236: gcc -o conftest -g -O2  -I/usr/include -L/usr/local/lib -L/usr/lib conftest.c -lz  -lpthread >&5
configure:9236: $? = 0
configure:9246: result: yes
configure:9255: checking for zlib.h
configure:9255: gcc -c -g -O2  -I/usr/include conftest.c >&5
configure:9255: $? = 0
configure:9255: result: yes
configure:9293: result: Determined host operating system: linux-gnu
configure:9375: checking for arpa/inet.h
configure:9375: g++ -c -pthread -g -O2 -I/usr/local/include  -I/usr/include -I/usr/include conftest.cpp >&5
configure:9375: $? = 0
configure:9375: result: yes
configure:9381: checking for fcntl.h
configure:9381: g++ -c -pthread -g -O2 -I/usr/local/include  -I/usr/include -I/usr/include conftest.cpp >&5
configure:9381: $? = 0
configure:9381: result: yes
configure:9387: checking for inttypes.h
configure:9387: result: yes
configure:9393: checking for netdb.h
configure:9393: g++ -c -pthread -g -O2 -I/usr/local/include  -I/usr/include -I/usr/include conftest.cpp >&5
configure:9393: $? = 0
configure:9393: result: yes
configure:9402: checking for inttypes.h
configure:9402: result: yes
configure:9412: checking for netinet/in.h
configure:9412: g++ -c -pthread -g -O2 -I/usr/local/include  -I/usr/include -I/usr/include conftest.cpp >&5
configure:9412: $? = 0
configure:9412: result: yes
configure:9418: checking for stdint.h
configure:9418: result: yes
configure:9424: checking for stdlib.h
configure:9424: result: yes
configure:9430: checking for string.h
configure:9430: result: yes
configure:9436: checking for strings.h
configure:9436: result: yes
configure:9443: checking for sys/param.h
configure:9443: g++ -c -pthread -g -O2 -I/usr/local/include  -I/usr/include -I/usr/include conftest.cpp >&5
configure:9443: $? = 0
configure:9443: result: yes
configure:9449: checking for sys/stat.h
configure:9449: result: yes
configure:9455: checking for sys/types.h
configure:9455: result: yes
configure:9461: checking for sys/socket.h
configure:9461: g++ -c -pthread -g -O2 -I/usr/local/include  -I/usr/include -I/usr/include conftest.cpp >&5
configure:9461: $? = 0
configure:9461: result: yes
configure:9467: checking for unistd.h
configure:9467: result: yes
configure:9474: checking for netinet/in_systm.h
configure:9474: g++ -c -pthread -g -O2 -I/usr/local/include  -I/usr/include -I/usr/include conftest.cpp >&5
configure:9474: $? = 0
configure:9474: result: yes
configure:9480: checking for netinet/udp.h
configure:9480: g++ -c -pthread -g -O2 -I/usr/local/include  -I/usr/include -I/usr/include conftest.cpp >&5
configure:9480: $? = 0
configure:9480: result: yes
configure:9487: checking for netinet/tcp.h
configure:9487: g++ -c -pthread -g -O2 -I/usr/local/include  -I/usr/include -I/usr/include conftest.cpp >&5
configure:9487: $? = 0
configure:9487: result: yes
configure:9494: checking for netinet/ip.h
configure:9494: g++ -c -pthread -g -O2 -I/usr/local/include  -I/usr/include -I/usr/include conftest.cpp >&5
configure:9494: $? = 0
configure:9494: result: yes
configure:9511: checking for netinet/ip_icmp.h
configure:9511: g++ -c -pthread -g -O2 -I/usr/local/include  -I/usr/include -I/usr/include conftest.cpp >&5
configure:9511: $? = 0
configure:9511: result: yes
configure:9528: checking for netinet/ip_var.h
configure:9528: g++ -c -pthread -g -O2 -I/usr/local/include  -I/usr/include -I/usr/include conftest.cpp >&5
conftest.cpp:60:10: fatal error: netinet/ip_var.h: No such file or directory
   60 | #include <netinet/ip_var.h>
      |          ^~~~~~~~~~~~~~~~~~
compilation terminated.
configure:9528: $? = 1
configure: failed program was:
| /* confdefs.h */
| #define PACKAGE_NAME "yarrp"
| #define PACKAGE_TARNAME "yarrp"
| #define PACKAGE_VERSION "0.8"
| #define PACKAGE_STRING "yarrp 0.8"
| #define PACKAGE_BUGREPORT "yarrp@cmand.org"
| #define PACKAGE_URL ""
| #define PACKAGE "yarrp"
| #define VERSION "0.8"
| #define HAVE_CXX17 1
| #define GITREV "a8df9f3"
| #define HAVE_PTHREAD_PRIO_INHERIT 1
| #define HAVE_PTHREAD 1
| #define HAVE_STDIO_H 1
| #define HAVE_STDLIB_H 1
| #define HAVE_STRING_H 1
| #define HAVE_INTTYPES_H 1
| #define HAVE_STDINT_H 1
| #define HAVE_STRINGS_H 1
| #define HAVE_SYS_STAT_H 1
| #define HAVE_SYS_TYPES_H 1
| #define HAVE_UNISTD_H 1
| #define STDC_HEADERS 1
| #define HAVE_LIBZ 1
| #define OS "LINUX"
| #define _LINUX 1
| #define HAVE_ARPA_INET_H 1
| #define HAVE_FCNTL_H 1
| #define HAVE_INTTYPES_H 1
| #define HAVE_NETDB_H 1
| #define HAVE_INTTYPES_H 1
| #define HAVE_NETINET_IN_H 1
| #define HAVE_STDINT_H 1
| #define HAVE_STDLIB_H 1
| #define HAVE_STRING_H 1
| #define HAVE_STRINGS_H 1
| #define HAVE_SYS_PARAM_H 1
| #define HAVE_SYS_STAT_H 1
| #define HAVE_SYS_TYPES_H 1
| #define HAVE_SYS_SOCKET_H 1
| #define HAVE_UNISTD_H 1
| #define HAVE_NETINET_IN_SYSTM_H 1
| #define HAVE_NETINET_UDP_H 1
| #define HAVE_NETINET_TCP_H 1
| #define HAVE_NETINET_IP_H 1
| #define HAVE_NETINET_IP_ICMP_H 1
| /* end confdefs.h.  */
| 
|    #ifdef HAVE_SYS_TYPES_H
|    #include <sys/types.h>
|    #endif
|    #ifdef HAVE_NETINET_IN_SYSTM_H
|    #include <netinet/in_systm.h>
|    #endif
|    #ifdef HAVE_NETINET_IN_H
|    #include <netinet/in.h>
|    #endif
| 
| 
| #include <netinet/ip_var.h>
configure:9528: result: no
configure:9546: checking for netinet/udp_var.h
configure:9546: g++ -c -pthread -g -O2 -I/usr/local/include  -I/usr/include -I/usr/include conftest.cpp >&5
conftest.cpp:62:13: fatal error: netinet/ip_var.h: No such file or directory
   62 |    #include <netinet/ip_var.h>
      |             ^~~~~~~~~~~~~~~~~~
compilation terminated.
configure:9546: $? = 1
configure: failed program was:
| /* confdefs.h */
| #define PACKAGE_NAME "yarrp"
| #define PACKAGE_TARNAME "yarrp"
| #define PACKAGE_VERSION "0.8"
| #define PACKAGE_STRING "yarrp 0.8"
| #define PACKAGE_BUGREPORT "yarrp@cmand.org"
| #define PACKAGE_URL ""
| #define PACKAGE "yarrp"
| #define VERSION "0.8"
| #define HAVE_CXX17 1
| #define GITREV "a8df9f3"
| #define HAVE_PTHREAD_PRIO_INHERIT 1
| #define HAVE_PTHREAD 1
| #define HAVE_STDIO_H 1
| #define HAVE_STDLIB_H 1
| #define HAVE_STRING_H 1
| #define HAVE_INTTYPES_H 1
| #define HAVE_STDINT_H 1
| #define HAVE_STRINGS_H 1
| #define HAVE_SYS_STAT_H 1
| #define HAVE_SYS_TYPES_H 1
| #define HAVE_UNISTD_H 1
| #define STDC_HEADERS 1
| #define HAVE_LIBZ 1
| #define OS "LINUX"
| #define _LINUX 1
| #define HAVE_ARPA_INET_H 1
| #define HAVE_FCNTL_H 1
| #define HAVE_INTTYPES_H 1
| #define HAVE_NETDB_H 1
| #define HAVE_INTTYPES_H 1
| #define HAVE_NETINET_IN_H 1
| #define HAVE_STDINT_H 1
| #define HAVE_STDLIB_H 1
| #define HAVE_STRING_H 1
| #define HAVE_STRINGS_H 1
| #define HAVE_SYS_PARAM_H 1
| #define HAVE_SYS_STAT_H 1
| #define HAVE_SYS_TYPES_H 1
| #define HAVE_SYS_SOCKET_H 1
| #define HAVE_UNISTD_H 1
| #define HAVE_NETINET_IN_SYSTM_H 1
| #define HAVE_NETINET_UDP_H 1
| #define HAVE_NETINET_TCP_H 1
| #define HAVE_NETINET_IP_H 1
| #define HAVE_NETINET_IP_ICMP_H 1
| /* end confdefs.h.  */
| 
|    #ifdef HAVE_SYS_TYPES_H
|    #include <sys/types.h>
|    #endif
|    #ifdef HAVE_NETINET_IN_SYSTM_H
|    #include <netinet/in_systm.h>
|    #endif
|    #ifdef HAVE_NETINET_IN_H
|    #include <netinet/in.h>
|    #endif
|    #ifdef HAVE_NETINET_UDP_H
|    #include <netinet/udp.h>
|    #endif
|    #ifdef HAVE_NETINET_IP_H
|    #include <netinet/ip_var.h>
|    #endif
| 
| 
| #include <netinet/udp_var.h>
configure:9546: result: no
configure:9573: checking for pid_t
configure:9573: g++ -c -pthread -g -O2 -I/usr/local/include  -I/usr/include -I/usr/include conftest.cpp >&5
configure:9573: $? = 0
configure:9573: g++ -c -pthread -g -O2 -I/usr/local/include  -I/usr/include -I/usr/include conftest.cpp >&5
conftest.cpp: In function 'int main()':
conftest.cpp:80:19: error: expected primary-expression before ')' token
   80 | if (sizeof ((pid_t)))
      |                   ^
configure:9573: $? = 1
configure: failed program was:
| /* confdefs.h */
| #define PACKAGE_NAME "yarrp"
| #define PACKAGE_TARNAME "yarrp"
| #define PACKAGE_VERSION "0.8"
| #define PACKAGE_STRING "yarrp 0.8"
| #define PACKAGE_BUGREPORT "yarrp@cmand.org"
| #define PACKAGE_URL ""
| #define PACKAGE "yarrp"
| #define VERSION "0.8"
| #define HAVE_CXX17 1
| #define GITREV "a8df9f3"
| #define HAVE_PTHREAD_PRIO_INHERIT 1
| #define HAVE_PTHREAD 1
| #define HAVE_STDIO_H 1
| #define HAVE_STDLIB_H 1
| #define HAVE_STRING_H 1
| #define HAVE_INTTYPES_H 1
| #define HAVE_STDINT_H 1
| #define HAVE_STRINGS_H 1
| #define HAVE_SYS_STAT_H 1
| #define HAVE_SYS_TYPES_H 1
| #define HAVE_UNISTD_H 1
| #define STDC_HEADERS 1
| #define HAVE_LIBZ 1
| #define OS "LINUX"
| #define _LINUX 1
| #define HAVE_ARPA_INET_H 1
| #define HAVE_FCNTL_H 1
| #define HAVE_INTTYPES_H 1
| #define HAVE_NETDB_H 1
| #define HAVE_INTTYPES_H 1
| #define HAVE_NETINET_IN_H 1
| #define HAVE_STDINT_H 1
| #define HAVE_STDLIB_H 1
| #define HAVE_STRING_H 1
| #define HAVE_STRINGS_H 1
| #define HAVE_SYS_PARAM_H 1
| #define HAVE_SYS_STAT_H 1
| #define HAVE_SYS_TYPES_H 1
| #define HAVE_SYS_SOCKET_H 1
| #define HAVE_UNISTD_H 1
| #define HAVE_NETINET_IN_SYSTM_H 1
| #define HAVE_NETINET_UDP_H 1
| #define HAVE_NETINET_TCP_H 1
| #define HAVE_NETINET_IP_H 1
| #define HAVE_NETINET_IP_ICMP_H 1
| /* end confdefs.h.  */
| #include <stddef.h>
| #ifdef HAVE_STDIO_H
| # include <stdio.h>
| #endif
| #ifdef HAVE_STDLIB_H
| # include <stdlib.h>
| #endif
| #ifdef HAVE_STRING_H
| # include <string.h>
| #endif
| #ifdef HAVE_INTTYPES_H
| # include <inttypes.h>
| #endif
| #ifdef HAVE_STDINT_H
| # include <stdint.h>
| #endif
| #ifdef HAVE_STRINGS_H
| # include <strings.h>
| #endif
| #ifdef HAVE_SYS_TYPES_H
| # include <sys/types.h>
| #endif
| #ifdef HAVE_SYS_STAT_H
| # include <sys/stat.h>
| #endif
| #ifdef HAVE_UNISTD_H
| # include <unistd.h>
| #endif
| 
| int
| main (void)
| {
| if (sizeof ((pid_t)))
| 	    return 0;
|   ;
|   return 0;
| }
configure:9573: result: yes
configure:9609: checking for size_t
configure:9609: g++ -c -pthread -g -O2 -I/usr/local/include  -I/usr/include -I/usr/include conftest.cpp >&5
configure:9609: $? = 0
configure:9609: g++ -c -pthread -g -O2 -I/usr/local/include  -I/usr/include -I/usr/include conftest.cpp >&5
conftest.cpp: In function 'int main()':
conftest.cpp:79:20: error: expected primary-expression before ')' token
   79 | if (sizeof ((size_t)))
      |                    ^
configure:9609: $? = 1
configure: failed program was:
| /* confdefs.h */
| #define PACKAGE_NAME "yarrp"
| #define PACKAGE_TARNAME "yarrp"
| #define PACKAGE_VERSION "0.8"
| #define PACKAGE_STRING "yarrp 0.8"
| #define PACKAGE_BUGREPORT "yarrp@cmand.org"
| #define PACKAGE_URL ""
| #define PACKAGE "yarrp"
| #define VERSION "0.8"
| #define HAVE_CXX17 1
| #define GITREV "a8df9f3"
| #define HAVE_PTHREAD_PRIO_INHERIT 1
| #define HAVE_PTHREAD 1
| #define HAVE_STDIO_H 1
| #define HAVE_STDLIB_H 1
| #define HAVE_STRING_H 1
| #define HAVE_INTTYPES_H 1
| #define HAVE_STDINT_H 1
| #define HAVE_STRINGS_H 1
| #define HAVE_SYS_STAT_H 1
| #define HAVE_SYS_TYPES_H 1
| #define HAVE_UNISTD_H 1
| #define STDC_HEADERS 1
| #define HAVE_LIBZ 1
| #define OS "LINUX"
| #define _LINUX 1
| #define HAVE_ARPA_INET_H 1
| #define HAVE_FCNTL_H 1
| #define HAVE_INTTYPES_H 1
| #define HAVE_NETDB_H 1
| #define HAVE_INTTYPES_H 1
| #define HAVE_NETINET_IN_H 1
| #define HAVE_STDINT_H 1
| #define HAVE_STDLIB_H 1
| #define HAVE_STRING_H 1
| #define HAVE_STRINGS_H 1
| #define HAVE_SYS_PARAM_H 1
| #define HAVE_SYS_STAT_H 1
| #define HAVE_SYS_TYPES_H 1
| #define HAVE_SYS_SOCKET_H 1
| #define HAVE_UNISTD_H 1
| #define HAVE_NETINET_IN_SYSTM_H 1
| #define HAVE_NETINET_UDP_H 1
| #define HAVE_NETINET_TCP_H 1
| #define HAVE_NETINET_IP_H 1
| #define HAVE_NETINET_IP_ICMP_H 1
| /* end confdefs.h.  */
| #include <stddef.h>
| #ifdef HAVE_STDIO_H
| # include <stdio.h>
| #endif
| #ifdef HAVE_STDLIB_H
| # include <stdlib.h>
| #endif
| #ifdef HAVE_STRING_H
| # include <string.h>
| #endif
| #ifdef HAVE_INTTYPES_H
| # include <inttypes.h>
| #endif
| #ifdef HAVE_STDINT_H
| # include <stdint.h>
| #endif
| #ifdef HAVE_STRINGS_H
| # include <strings.h>
| #endif
| #ifdef HAVE_SYS_TYPES_H
| # include <sys/types.h>
| #endif
| #ifdef HAVE_SYS_STAT_H
| # include <sys/stat.h>
| #endif
| #ifdef HAVE_UNISTD_H
| # include <unistd.h>
| #endif
| int
| main (void)
| {
| if (sizeof ((size_t)))
| 	    return 0;
|   ;
|   return 0;
| }
configure:9609: result: yes
configure:9619: checking for ssize_t
configure:9619: g++ -c -pthread -g -O2 -I/usr/local/include  -I/usr/include -I/usr/include conftest.cpp >&5
configure:9619: $? = 0
configure:9619: g++ -c -pthread -g -O2 -I/usr/local/include  -I/usr/include -I/usr/include conftest.cpp >&5
conftest.cpp: In function 'int main()':
conftest.cpp:79:21: error: expected primary-expression before ')' token
   79 | if (sizeof ((ssize_t)))
      |                     ^
configure:9619: $? = 1
configure: failed program was:
| /* confdefs.h */
| #define PACKAGE_NAME "yarrp"
| #define PACKAGE_TARNAME "yarrp"
| #define PACKAGE_VERSION "0.8"
| #define PACKAGE_STRING "yarrp 0.8"
| #define PACKAGE_BUGREPORT "yarrp@cmand.org"
| #define PACKAGE_URL ""
| #define PACKAGE "yarrp"
| #define VERSION "0.8"
| #define HAVE_CXX17 1
| #define GITREV "a8df9f3"
| #define HAVE_PTHREAD_PRIO_INHERIT 1
| #define HAVE_PTHREAD 1
| #define HAVE_STDIO_H 1
| #define HAVE_STDLIB_H 1
| #define HAVE_STRING_H 1
| #define HAVE_INTTYPES_H 1
| #define HAVE_STDINT_H 1
| #define HAVE_STRINGS_H 1
| #define HAVE_SYS_STAT_H 1
| #define HAVE_SYS_TYPES_H 1
| #define HAVE_UNISTD_H 1
| #define STDC_HEADERS 1
| #define HAVE_LIBZ 1
| #define OS "LINUX"
| #define _LINUX 1
| #define HAVE_ARPA_INET_H 1
| #define HAVE_FCNTL_H 1
| #define HAVE_INTTYPES_H 1
| #define HAVE_NETDB_H 1
| #define HAVE_INTTYPES_H 1
| #define HAVE_NETINET_IN_H 1
| #define HAVE_STDINT_H 1
| #define HAVE_STDLIB_H 1
| #define HAVE_STRING_H 1
| #define HAVE_STRINGS_H 1
| #define HAVE_SYS_PARAM_H 1
| #define HAVE_SYS_STAT_H 1
| #define HAVE_SYS_TYPES_H 1
| #define HAVE_SYS_SOCKET_H 1
| #define HAVE_UNISTD_H 1
| #define HAVE_NETINET_IN_SYSTM_H 1
| #define HAVE_NETINET_UDP_H 1
| #define HAVE_NETINET_TCP_H 1
| #define HAVE_NETINET_IP_H 1
| #define HAVE_NETINET_IP_ICMP_H 1
| /* end confdefs.h.  */
| #include <stddef.h>
| #ifdef HAVE_STDIO_H
| # include <stdio.h>
| #endif
| #ifdef HAVE_STDLIB_H
| # include <stdlib.h>
| #endif
| #ifdef HAVE_STRING_H
| # include <string.h>
| #endif
| #ifdef HAVE_INTTYPES_H
| # include <inttypes.h>
| #endif
| #ifdef HAVE_STDINT_H
| # include <stdint.h>
| #endif
| #ifdef HAVE_STRINGS_H
| # include <strings.h>
| #endif
| #ifdef HAVE_SYS_TYPES_H
| # include <sys/types.h>
| #endif
| #ifdef HAVE_SYS_STAT_H
| # include <sys/stat.h>
| #endif
| #ifdef HAVE_UNISTD_H
| # include <unistd.h>
| #endif
| int
| main (void)
| {
| if (sizeof ((ssize_t)))
| 	    return 0;
|   ;
|   return 0;
| }
configure:9619: result: yes
configure:9629: checking for _Bool
configure:9629: g++ -c -pthread -g -O2 -I/usr/local/include  -I/usr/include -I/usr/include conftest.cpp >&5
conftest.cpp: In function 'int main()':
conftest.cpp:79:13: error: '_Bool' was not declared in this scope
   79 | if (sizeof (_Bool))
      |             ^~~~~
configure:9629: $? = 1
configure: failed program was:
| /* confdefs.h */
| #define PACKAGE_NAME "yarrp"
| #define PACKAGE_TARNAME "yarrp"
| #define PACKAGE_VERSION "0.8"
| #define PACKAGE_STRING "yarrp 0.8"
| #define PACKAGE_BUGREPORT "yarrp@cmand.org"
| #define PACKAGE_URL ""
| #define PACKAGE "yarrp"
| #define VERSION "0.8"
| #define HAVE_CXX17 1
| #define GITREV "a8df9f3"
| #define HAVE_PTHREAD_PRIO_INHERIT 1
| #define HAVE_PTHREAD 1
| #define HAVE_STDIO_H 1
| #define HAVE_STDLIB_H 1
| #define HAVE_STRING_H 1
| #define HAVE_INTTYPES_H 1
| #define HAVE_STDINT_H 1
| #define HAVE_STRINGS_H 1
| #define HAVE_SYS_STAT_H 1
| #define HAVE_SYS_TYPES_H 1
| #define HAVE_UNISTD_H 1
| #define STDC_HEADERS 1
| #define HAVE_LIBZ 1
| #define OS "LINUX"
| #define _LINUX 1
| #define HAVE_ARPA_INET_H 1
| #define HAVE_FCNTL_H 1
| #define HAVE_INTTYPES_H 1
| #define HAVE_NETDB_H 1
| #define HAVE_INTTYPES_H 1
| #define HAVE_NETINET_IN_H 1
| #define HAVE_STDINT_H 1
| #define HAVE_STDLIB_H 1
| #define HAVE_STRING_H 1
| #define HAVE_STRINGS_H 1
| #define HAVE_SYS_PARAM_H 1
| #define HAVE_SYS_STAT_H 1
| #define HAVE_SYS_TYPES_H 1
| #define HAVE_SYS_SOCKET_H 1
| #define HAVE_UNISTD_H 1
| #define HAVE_NETINET_IN_SYSTM_H 1
| #define HAVE_NETINET_UDP_H 1
| #define HAVE_NETINET_TCP_H 1
| #define HAVE_NETINET_IP_H 1
| #define HAVE_NETINET_IP_ICMP_H 1
| /* end confdefs.h.  */
| #include <stddef.h>
| #ifdef HAVE_STDIO_H
| # include <stdio.h>
| #endif
| #ifdef HAVE_STDLIB_H
| # include <stdlib.h>
| #endif
| #ifdef HAVE_STRING_H
| # include <string.h>
| #endif
| #ifdef HAVE_INTTYPES_H
| # include <inttypes.h>
| #endif
| #ifdef HAVE_STDINT_H
| # include <stdint.h>
| #endif
| #ifdef HAVE_STRINGS_H
| # include <strings.h>
| #endif
| #ifdef HAVE_SYS_TYPES_H
| # include <sys/types.h>
| #endif
| #ifdef HAVE_SYS_STAT_H
| # include <sys/stat.h>
| #endif
| #ifdef HAVE_UNISTD_H
| # include <unistd.h>
| #endif
| int
| main (void)
| {
| if (sizeof (_Bool))
| 	 return 0;
|   ;
|   return 0;
| }
configure:9629: result: no
configure:9638: checking for stdbool.h that conforms to C99
configure:9754: g++ -c -pthread -g -O2 -I/usr/local/include  -I/usr/include -I/usr/include conftest.cpp >&5
configure:9754: $? = 0
configure:9762: result: yes
configure:9771: checking for uint16_t
configure:9771: g++ -c -pthread -g -O2 -I/usr/local/include  -I/usr/include -I/usr/include conftest.cpp >&5
configure:9771: $? = 0
configure:9771: result: yes
configure:9781: checking for uint32_t
configure:9781: g++ -c -pthread -g -O2 -I/usr/local/include  -I/usr/include -I/usr/include conftest.cpp >&5
configure:9781: $? = 0
configure:9781: result: yes
configure:9793: checking for uint64_t
configure:9793: g++ -c -pthread -g -O2 -I/usr/local/include  -I/usr/include -I/usr/include conftest.cpp >&5
configure:9793: $? = 0
configure:9793: result: yes
configure:9805: checking for uint8_t
configure:9805: g++ -c -pthread -g -O2 -I/usr/local/include  -I/usr/include -I/usr/include conftest.cpp >&5
configure:9805: $? = 0
configure:9805: result: yes
configure:9823: checking how to run the C++ preprocessor
configure:9845: g++ -E  -I/usr/include -I/usr/include conftest.cpp
configure:9845: $? = 0
configure:9860: g++ -E  -I/usr/include -I/usr/include conftest.cpp
conftest.cpp:49:10: fatal error: ac_nonexistent.h: No such file or directory
   49 | #include <ac_nonexistent.h>
      |          ^~~~~~~~~~~~~~~~~~
compilation terminated.
configure:9860: $? = 1
configure: failed program was:
| /* confdefs.h */
| #define PACKAGE_NAME "yarrp"
| #define PACKAGE_TARNAME "yarrp"
| #define PACKAGE_VERSION "0.8"
| #define PACKAGE_STRING "yarrp 0.8"
| #define PACKAGE_BUGREPORT "yarrp@cmand.org"
| #define PACKAGE_URL ""
| #define PACKAGE "yarrp"
| #define VERSION "0.8"
| #define HAVE_CXX17 1
| #define GITREV "a8df9f3"
| #define HAVE_PTHREAD_PRIO_INHERIT 1
| #define HAVE_PTHREAD 1
| #define HAVE_STDIO_H 1
| #define HAVE_STDLIB_H 1
| #define HAVE_STRING_H 1
| #define HAVE_INTTYPES_H 1
| #define HAVE_STDINT_H 1
| #define HAVE_STRINGS_H 1
| #define HAVE_SYS_STAT_H 1
| #define HAVE_SYS_TYPES_H 1
| #define HAVE_UNISTD_H 1
| #define STDC_HEADERS 1
| #define HAVE_LIBZ 1
| #define OS "LINUX"
| #define _LINUX 1
| #define HAVE_ARPA_INET_H 1
| #define HAVE_FCNTL_H 1
| #define HAVE_INTTYPES_H 1
| #define HAVE_NETDB_H 1
| #define HAVE_INTTYPES_H 1
| #define HAVE_NETINET_IN_H 1
| #define HAVE_STDINT_H 1
| #define HAVE_STDLIB_H 1
| #define HAVE_STRING_H 1
| #define HAVE_STRINGS_H 1
| #define HAVE_SYS_PARAM_H 1
| #define HAVE_SYS_STAT_H 1
| #define HAVE_SYS_TYPES_H 1
| #define HAVE_SYS_SOCKET_H 1
| #define HAVE_UNISTD_H 1
| #define HAVE_NETINET_IN_SYSTM_H 1
| #define HAVE_NETINET_UDP_H 1
| #define HAVE_NETINET_TCP_H 1
| #define HAVE_NETINET_IP_H 1
| #define HAVE_NETINET_IP_ICMP_H 1
| #define HAVE_STDBOOL_H 1
| /* end confdefs.h.  */
| #include <ac_nonexistent.h>
configure:9887: result: g++ -E
configure:9901: g++ -E  -I/usr/include -I/usr/include conftest.cpp
configure:9901: $? = 0
configure:9916: g++ -E  -I/usr/include -I/usr/include conftest.cpp
conftest.cpp:49:10: fatal error: ac_nonexistent.h: No such file or directory
   49 | #include <ac_nonexistent.h>
      |          ^~~~~~~~~~~~~~~~~~
compilation terminated.
configure:9916: $? = 1
configure: failed program was:
| /* confdefs.h */
| #define PACKAGE_NAME "yarrp"
| #define PACKAGE_TARNAME "yarrp"
| #define PACKAGE_VERSION "0.8"
| #define PACKAGE_STRING "yarrp 0.8"
| #define PACKAGE_BUGREPORT "yarrp@cmand.org"
| #define PACKAGE_URL ""
| #define PACKAGE "yarrp"
| #define VERSION "0.8"
| #define HAVE_CXX17 1
| #define GITREV "a8df9f3"
| #define HAVE_PTHREAD_PRIO_INHERIT 1
| #define HAVE_PTHREAD 1
| #define HAVE_STDIO_H 1
| #define HAVE_STDLIB_H 1
| #define HAVE_STRING_H 1
| #define HAVE_INTTYPES_H 1
| #define HAVE_STDINT_H 1
| #define HAVE_STRINGS_H 1
| #define HAVE_SYS_STAT_H 1
| #define HAVE_SYS_TYPES_H 1
| #define HAVE_UNISTD_H 1
| #define STDC_HEADERS 1
| #define HAVE_LIBZ 1
| #define OS "LINUX"
| #define _LINUX 1
| #define HAVE_ARPA_INET_H 1
| #define HAVE_FCNTL_H 1
| #define HAVE_INTTYPES_H 1
| #define HAVE_NETDB_H 1
| #define HAVE_INTTYPES_H 1
| #define HAVE_NETINET_IN_H 1
| #define HAVE_STDINT_H 1
| #define HAVE_STDLIB_H 1
| #define HAVE_STRING_H 1
| #define HAVE_STRINGS_H 1
| #define HAVE_SYS_PARAM_H 1
| #define HAVE_SYS_STAT_H 1
| #define HAVE_SYS_TYPES_H 1
| #define HAVE_SYS_SOCKET_H 1
| #define HAVE_UNISTD_H 1
| #define HAVE_NETINET_IN_SYSTM_H 1
| #define HAVE_NETINET_UDP_H 1
| #define HAVE_NETINET_TCP_H 1
| #define HAVE_NETINET_IP_H 1
| #define HAVE_NETINET_IP_ICMP_H 1
| #define HAVE_STDBOOL_H 1
| /* end confdefs.h.  */
| #include <ac_nonexistent.h>
configure:9947: checking whether in_addr_t is defined
configure:9968: result: yes
configure:9978: checking whether byte ordering is bigendian
configure:9994: g++ -c -pthread -g -O2 -I/usr/local/include  -I/usr/include -I/usr/include conftest.cpp >&5
conftest.cpp:51:16: error: expected unqualified-id before 'not' token
   51 |                not a universal capable compiler
      |                ^~~
configure:9994: $? = 1
configure: failed program was:
| /* confdefs.h */
| #define PACKAGE_NAME "yarrp"
| #define PACKAGE_TARNAME "yarrp"
| #define PACKAGE_VERSION "0.8"
| #define PACKAGE_STRING "yarrp 0.8"
| #define PACKAGE_BUGREPORT "yarrp@cmand.org"
| #define PACKAGE_URL ""
| #define PACKAGE "yarrp"
| #define VERSION "0.8"
| #define HAVE_CXX17 1
| #define GITREV "a8df9f3"
| #define HAVE_PTHREAD_PRIO_INHERIT 1
| #define HAVE_PTHREAD 1
| #define HAVE_STDIO_H 1
| #define HAVE_STDLIB_H 1
| #define HAVE_STRING_H 1
| #define HAVE_INTTYPES_H 1
| #define HAVE_STDINT_H 1
| #define HAVE_STRINGS_H 1
| #define HAVE_SYS_STAT_H 1
| #define HAVE_SYS_TYPES_H 1
| #define HAVE_UNISTD_H 1
| #define STDC_HEADERS 1
| #define HAVE_LIBZ 1
| #define OS "LINUX"
| #define _LINUX 1
| #define HAVE_ARPA_INET_H 1
| #define HAVE_FCNTL_H 1
| #define HAVE_INTTYPES_H 1
| #define HAVE_NETDB_H 1
| #define HAVE_INTTYPES_H 1
| #define HAVE_NETINET_IN_H 1
| #define HAVE_STDINT_H 1
| #define HAVE_STDLIB_H 1
| #define HAVE_STRING_H 1
| #define HAVE_STRINGS_H 1
| #define HAVE_SYS_PARAM_H 1
| #define HAVE_SYS_STAT_H 1
| #define HAVE_SYS_TYPES_H 1
| #define HAVE_SYS_SOCKET_H 1
| #define HAVE_UNISTD_H 1
| #define HAVE_NETINET_IN_SYSTM_H 1
| #define HAVE_NETINET_UDP_H 1
| #define HAVE_NETINET_TCP_H 1
| #define HAVE_NETINET_IP_H 1
| #define HAVE_NETINET_IP_ICMP_H 1
| #define HAVE_STDBOOL_H 1
| #define HAVE_IN_ADDR_T 1
| /* end confdefs.h.  */
| #ifndef __APPLE_CC__
| 	       not a universal capable compiler
| 	     #endif
| 	     typedef int dummy;
| 
configure:10040: g++ -c -pthread -g -O2 -I/usr/local/include  -I/usr/include -I/usr/include conftest.cpp >&5
configure:10040: $? = 0
configure:10059: g++ -c -pthread -g -O2 -I/usr/local/include  -I/usr/include -I/usr/include conftest.cpp >&5
conftest.cpp: In function 'int main()':
conftest.cpp:57:22: error: 'big' was not declared in this scope
   57 |                  not big endian
      |                      ^~~
configure:10059: $? = 1
configure: failed program was:
| /* confdefs.h */
| #define PACKAGE_NAME "yarrp"
| #define PACKAGE_TARNAME "yarrp"
| #define PACKAGE_VERSION "0.8"
| #define PACKAGE_STRING "yarrp 0.8"
| #define PACKAGE_BUGREPORT "yarrp@cmand.org"
| #define PACKAGE_URL ""
| #define PACKAGE "yarrp"
| #define VERSION "0.8"
| #define HAVE_CXX17 1
| #define GITREV "a8df9f3"
| #define HAVE_PTHREAD_PRIO_INHERIT 1
| #define HAVE_PTHREAD 1
| #define HAVE_STDIO_H 1
| #define HAVE_STDLIB_H 1
| #define HAVE_STRING_H 1
| #define HAVE_INTTYPES_H 1
| #define HAVE_STDINT_H 1
| #define HAVE_STRINGS_H 1
| #define HAVE_SYS_STAT_H 1
| #define HAVE_SYS_TYPES_H 1
| #define HAVE_UNISTD_H 1
| #define STDC_HEADERS 1
| #define HAVE_LIBZ 1
| #define OS "LINUX"
| #define _LINUX 1
| #define HAVE_ARPA_INET_H 1
| #define HAVE_FCNTL_H 1
| #define HAVE_INTTYPES_H 1
| #define HAVE_NETDB_H 1
| #define HAVE_INTTYPES_H 1
| #define HAVE_NETINET_IN_H 1
| #define HAVE_STDINT_H 1
| #define HAVE_STDLIB_H 1
| #define HAVE_STRING_H 1
| #define HAVE_STRINGS_H 1
| #define HAVE_SYS_PARAM_H 1
| #define HAVE_SYS_STAT_H 1
| #define HAVE_SYS_TYPES_H 1
| #define HAVE_SYS_SOCKET_H 1
| #define HAVE_UNISTD_H 1
| #define HAVE_NETINET_IN_SYSTM_H 1
| #define HAVE_NETINET_UDP_H 1
| #define HAVE_NETINET_TCP_H 1
| #define HAVE_NETINET_IP_H 1
| #define HAVE_NETINET_IP_ICMP_H 1
| #define HAVE_STDBOOL_H 1
| #define HAVE_IN_ADDR_T 1
| /* end confdefs.h.  */
| #include <sys/types.h>
| 		#include <sys/param.h>
| 
| int
| main (void)
| {
| #if BYTE_ORDER != BIG_ENDIAN
| 		 not big endian
| 		#endif
| 
|   ;
|   return 0;
| }
configure:10193: result: no
configure:10218: checking for inet_ntoa
configure:10218: g++ -o conftest -pthread -g -O2 -I/usr/local/include  -I/usr/include -I/usr/include -L/usr/local/lib -L/usr/lib -L/usr/lib conftest.cpp -lz -lpthread >&5
configure:10218: $? = 0
configure:10218: result: yes
configure:10224: checking for memset
configure:10224: g++ -o conftest -pthread -g -O2 -I/usr/local/include  -I/usr/include -I/usr/include -L/usr/local/lib -L/usr/lib -L/usr/lib conftest.cpp -lz -lpthread >&5
conftest.cpp:67:6: warning: declaration of 'char memset()' conflicts with built-in declaration 'void* memset(void*, int, long unsigned int)' [-Wbuiltin-declaration-mismatch]
   67 | char memset ();
      |      ^~~~~~
configure:10224: $? = 0
configure:10224: result: yes
configure:10230: checking for select
configure:10230: g++ -o conftest -pthread -g -O2 -I/usr/local/include  -I/usr/include -I/usr/include -L/usr/local/lib -L/usr/lib -L/usr/lib conftest.cpp -lz -lpthread >&5
configure:10230: $? = 0
configure:10230: result: yes
configure:10236: checking for socket
configure:10236: g++ -o conftest -pthread -g -O2 -I/usr/local/include  -I/usr/include -I/usr/include -L/usr/local/lib -L/usr/lib -L/usr/lib conftest.cpp -lz -lpthread >&5
configure:10236: $? = 0
configure:10236: result: yes
configure:10242: checking for strerror
configure:10242: g++ -o conftest -pthread -g -O2 -I/usr/local/include  -I/usr/include -I/usr/include -L/usr/local/lib -L/usr/lib -L/usr/lib conftest.cpp -lz -lpthread >&5
configure:10242: $? = 0
configure:10242: result: yes
configure:10250: checking for library containing socket
configure:10279: g++ -o conftest -pthread -g -O2 -I/usr/local/include  -I/usr/include -I/usr/include -L/usr/local/lib -L/usr/lib -L/usr/lib conftest.cpp -lz -lpthread >&5
configure:10279: $? = 0
configure:10299: result: none required
configure:10480: checking that generated files are newer than configure
configure:10486: result: done
configure:10514: creating ./config.status

## ---------------------- ##
## Running config.status. ##
## ---------------------- ##

This file was extended by yarrp config.status 0.8, which was
generated by GNU Autoconf 2.71.  Invocation command line was

  CONFIG_FILES    = 
  CONFIG_HEADERS  = 
  CONFIG_LINKS    = 
  CONFIG_COMMANDS = 
  $ ./config.status 

on ubuntu

config.status:905: creating Makefile
config.status:905: creating config.h
config.status:1086: config.h is unchanged
config.status:1134: executing depfiles commands
config.status:1211: cd .       && sed -e '/# am--include-marker/d' Makefile         | make -f - am--depfiles
make: Nothing to be done for 'am--depfiles'.
config.status:1216: $? = 0

## ---------------- ##
## Cache variables. ##
## ---------------- ##

ac_cv_build=x86_64-pc-linux-gnu
ac_cv_c_bigendian=no
ac_cv_c_compiler_gnu=yes
ac_cv_c_uint16_t=yes
ac_cv_c_uint32_t=yes
ac_cv_c_uint64_t=yes
ac_cv_c_uint8_t=yes
ac_cv_cxx_compiler_gnu=yes
ac_cv_env_CCC_set=
ac_cv_env_CCC_value=
ac_cv_env_CC_set=
ac_cv_env_CC_value=
ac_cv_env_CFLAGS_set=
ac_cv_env_CFLAGS_value=
ac_cv_env_CPPFLAGS_set=
ac_cv_env_CPPFLAGS_value=
ac_cv_env_CPP_set=
ac_cv_env_CPP_value=
ac_cv_env_CXXCPP_set=
ac_cv_env_CXXCPP_value=
ac_cv_env_CXXFLAGS_set=
ac_cv_env_CXXFLAGS_value=
ac_cv_env_CXX_set=
ac_cv_env_CXX_value=
ac_cv_env_LDFLAGS_set=
ac_cv_env_LDFLAGS_value=
ac_cv_env_LIBS_set=
ac_cv_env_LIBS_value=
ac_cv_env_build_alias_set=
ac_cv_env_build_alias_value=
ac_cv_env_host_alias_set=
ac_cv_env_host_alias_value=
ac_cv_env_target_alias_set=
ac_cv_env_target_alias_value=
ac_cv_func_inet_ntoa=yes
ac_cv_func_memset=yes
ac_cv_func_select=yes
ac_cv_func_socket=yes
ac_cv_func_strerror=yes
ac_cv_header_arpa_inet_h=yes
ac_cv_header_fcntl_h=yes
ac_cv_header_inttypes_h=yes
ac_cv_header_netdb_h=yes
ac_cv_header_netinet_in_h=yes
ac_cv_header_netinet_in_systm_h=yes
ac_cv_header_netinet_ip_h=yes
ac_cv_header_netinet_ip_icmp_h=yes
ac_cv_header_netinet_ip_var_h=no
ac_cv_header_netinet_tcp_h=yes
ac_cv_header_netinet_udp_h=yes
ac_cv_header_netinet_udp_var_h=no
ac_cv_header_stdbool_h=yes
ac_cv_header_stdint_h=yes
ac_cv_header_stdio_h=yes
ac_cv_header_stdlib_h=yes
ac_cv_header_string_h=yes
ac_cv_header_strings_h=yes
ac_cv_header_sys_param_h=yes
ac_cv_header_sys_socket_h=yes
ac_cv_header_sys_stat_h=yes
ac_cv_header_sys_types_h=yes
ac_cv_header_unistd_h=yes
ac_cv_header_zlib_h=yes
ac_cv_host=x86_64-pc-linux-gnu
ac_cv_lib_z_inflateEnd=yes
ac_cv_objext=o
ac_cv_path_EGREP='/usr/bin/grep -E'
ac_cv_path_GREP=/usr/bin/grep
ac_cv_path_SED=/usr/bin/sed
ac_cv_path_install='/usr/bin/install -c'
ac_cv_path_mkdir=/usr/bin/mkdir
ac_cv_prog_AWK=gawk
ac_cv_prog_CPP='gcc -E'
ac_cv_prog_CXXCPP='g++ -E'
ac_cv_prog_ac_ct_CC=gcc
ac_cv_prog_ac_ct_CXX=g++
ac_cv_prog_cc_c11=
ac_cv_prog_cc_g=yes
ac_cv_prog_cc_stdc=
ac_cv_prog_cxx_cxx11=
ac_cv_prog_cxx_g=yes
ac_cv_prog_cxx_stdcxx=
ac_cv_prog_make_make_set=yes
ac_cv_search_socket='none required'
ac_cv_type__Bool=no
ac_cv_type_pid_t=yes
ac_cv_type_size_t=yes
ac_cv_type_ssize_t=yes
am_cv_CC_dependencies_compiler_type=gcc3
am_cv_CXX_dependencies_compiler_type=gcc3
am_cv_make_support_nested_variables=yes
am_cv_prog_cc_c_o=yes
ax_cv_PTHREAD_CLANG=no
ax_cv_PTHREAD_JOINABLE_ATTR=PTHREAD_CREATE_JOINABLE
ax_cv_PTHREAD_PRIO_INHERIT=yes
ax_cv_PTHREAD_SPECIAL_FLAGS=no
ax_cv_cxx_compile_cxx17=yes
sip_cv_type_in_addr_t=yes
zlib_cv_libz=yes
zlib_cv_zlib_h=yes

## ----------------- ##
## Output variables. ##
## ----------------- ##

ACLOCAL='${SHELL} '\''/dabing/HMap/Yarrp/build-aux/missing'\'' aclocal-1.16'
AMDEPBACKSLASH='\'
AMDEP_FALSE='#'
AMDEP_TRUE=''
AMTAR='$${TAR-tar}'
AM_BACKSLASH='\'
AM_DEFAULT_V='$(AM_DEFAULT_VERBOSITY)'
AM_DEFAULT_VERBOSITY='1'
AM_V='$(V)'
AUTOCONF='${SHELL} '\''/dabing/HMap/Yarrp/build-aux/missing'\'' autoconf'
AUTOHEADER='${SHELL} '\''/dabing/HMap/Yarrp/build-aux/missing'\'' autoheader'
AUTOMAKE='${SHELL} '\''/dabing/HMap/Yarrp/build-aux/missing'\'' automake-1.16'
AWK='gawk'
CC='gcc'
CCDEPMODE='depmode=gcc3'
CFLAGS='-g -O2'
CPP='gcc -E'
CPPFLAGS=' -I/usr/include -I/usr/include'
CSCOPE='cscope'
CTAGS='ctags'
CXX='g++'
CXXCPP='g++ -E'
CXXDEPMODE='depmode=gcc3'
CXXFLAGS='-pthread -g -O2 -I/usr/local/include'
CYGPATH_W='echo'
DEFS='-DHAVE_CONFIG_H'
DEPDIR='.deps'
ECHO_C=''
ECHO_N='-n'
ECHO_T=''
EGREP='/usr/bin/grep -E'
ETAGS='etags'
EXEEXT=''
GREP='/usr/bin/grep'
HAVE_CXX17='1'
INSTALL_DATA='${INSTALL} -m 644'
INSTALL_PROGRAM='${INSTALL}'
INSTALL_SCRIPT='${INSTALL}'
INSTALL_STRIP_PROGRAM='$(install_sh) -c -s'
LDFLAGS='-L/usr/local/lib -L/usr/lib -L/usr/lib'
LIBOBJS=''
LIBS='-lz -lpthread'
LTLIBOBJS=''
MAKEINFO='${SHELL} '\''/dabing/HMap/Yarrp/build-aux/missing'\'' makeinfo'
MKDIR_P='/usr/bin/mkdir -p'
OBJEXT='o'
PACKAGE='yarrp'
PACKAGE_BUGREPORT='yarrp@cmand.org'
PACKAGE_NAME='yarrp'
PACKAGE_STRING='yarrp 0.8'
PACKAGE_TARNAME='yarrp'
PACKAGE_URL=''
PACKAGE_VERSION='0.8'
PATH_SEPARATOR=':'
PTHREAD_CC='gcc'
PTHREAD_CFLAGS='-pthread'
PTHREAD_CXX='g++'
PTHREAD_LIBS='-lpthread'
SED='/usr/bin/sed'
SET_MAKE=''
SHELL='/bin/bash'
STRIP=''
VERSION='0.8'
ac_ct_CC='gcc'
ac_ct_CXX='g++'
am__EXEEXT_FALSE=''
am__EXEEXT_TRUE='#'
am__fastdepCC_FALSE='#'
am__fastdepCC_TRUE=''
am__fastdepCXX_FALSE='#'
am__fastdepCXX_TRUE=''
am__include='include'
am__isrc=''
am__leading_dot='.'
am__nodep='_no'
am__quote=''
am__tar='$${TAR-tar} chof - "$$tardir"'
am__untar='$${TAR-tar} xf -'
ax_pthread_config=''
bindir='${exec_prefix}/bin'
build='x86_64-pc-linux-gnu'
build_alias=''
build_cpu='x86_64'
build_os='linux-gnu'
build_vendor='pc'
datadir='${datarootdir}'
datarootdir='${prefix}/share'
docdir='${datarootdir}/doc/${PACKAGE_TARNAME}'
dvidir='${docdir}'
exec_prefix='${prefix}'
host='x86_64-pc-linux-gnu'
host_alias=''
host_cpu='x86_64'
host_os='linux-gnu'
host_vendor='pc'
htmldir='${docdir}'
includedir='${prefix}/include'
infodir='${datarootdir}/info'
install_sh='${SHELL} /dabing/HMap/Yarrp/build-aux/install-sh'
libdir='${exec_prefix}/lib'
libexecdir='${exec_prefix}/libexec'
localedir='${datarootdir}/locale'
localstatedir='${prefix}/var'
mandir='${datarootdir}/man'
mkdir_p='$(MKDIR_P)'
oldincludedir='/usr/include'
pdfdir='${docdir}'
prefix='/usr/local'
program_transform_name='s,x,x,'
psdir='${docdir}'
runstatedir='${localstatedir}/run'
sbindir='${exec_prefix}/sbin'
sharedstatedir='${prefix}/com'
sysconfdir='${prefix}/etc'
target_alias=''

## ----------- ##
## confdefs.h. ##
## ----------- ##

/* confdefs.h */
#define PACKAGE_NAME "yarrp"
#define PACKAGE_TARNAME "yarrp"
#define PACKAGE_VERSION "0.8"
#define PACKAGE_STRING "yarrp 0.8"
#define PACKAGE_BUGREPORT "yarrp@cmand.org"
#define PACKAGE_URL ""
#define PACKAGE "yarrp"
#define VERSION "0.8"
#define HAVE_CXX17 1
#define GITREV "a8df9f3"
#define HAVE_PTHREAD_PRIO_INHERIT 1
#define HAVE_PTHREAD 1
#define HAVE_STDIO_H 1
#define HAVE_STDLIB_H 1
#define HAVE_STRING_H 1
#define HAVE_INTTYPES_H 1
#define HAVE_STDINT_H 1
#define HAVE_STRINGS_H 1
#define HAVE_SYS_STAT_H 1
#define HAVE_SYS_TYPES_H 1
#define HAVE_UNISTD_H 1
#define STDC_HEADERS 1
#define HAVE_LIBZ 1
#define OS "LINUX"
#define _LINUX 1
#define HAVE_ARPA_INET_H 1
#define HAVE_FCNTL_H 1
#define HAVE_INTTYPES_H 1
#define HAVE_NETDB_H 1
#define HAVE_INTTYPES_H 1
#define HAVE_NETINET_IN_H 1
#define HAVE_STDINT_H 1
#define HAVE_STDLIB_H 1
#define HAVE_STRING_H 1
#define HAVE_STRINGS_H 1
#define HAVE_SYS_PARAM_H 1
#define HAVE_SYS_STAT_H 1
#define HAVE_SYS_TYPES_H 1
#define HAVE_SYS_SOCKET_H 1
#define HAVE_UNISTD_H 1
#define HAVE_NETINET_IN_SYSTM_H 1
#define HAVE_NETINET_UDP_H 1
#define HAVE_NETINET_TCP_H 1
#define HAVE_NETINET_IP_H 1
#define HAVE_NETINET_IP_ICMP_H 1
#define HAVE_STDBOOL_H 1
#define HAVE_IN_ADDR_T 1
#define HAVE_INET_NTOA 1
#define HAVE_MEMSET 1
#define HAVE_SELECT 1
#define HAVE_SOCKET 1
#define HAVE_STRERROR 1

configure: exit 0
